# JRE version: Java(TM) SE Runtime Environment (8.0_65-b17) (build 1.8.0_65-b17)
# Java VM: Java HotSpot(TM) 64-Bit Server VM (25.65-b01 mixed mode bsd-amd64 compressed oops)
Heap:
 PSYoungGen      total 92672K, used 20098K [0x00000007aab00000, 0x00000007b0d80000, 0x00000007c0000000)
  eden space 85504K, 21% used [0x00000007aab00000,0x00000007abc95108,0x00000007afe80000)
  from space 7168K, 29% used [0x00000007b0680000,0x00000007b088b930,0x00000007b0d80000)
  to   space 7680K, 0% used [0x00000007afe80000,0x00000007afe80000,0x00000007b0600000)
 ParOldGen       total 57856K, used 39276K [0x0000000780000000, 0x0000000783880000, 0x00000007aab00000)
  object space 57856K, 67% used [0x0000000780000000,0x000000078265b158,0x0000000783880000)
 Metaspace       used 31313K, capacity 31805K, committed 32000K, reserved 1077248K
  class space    used 3573K, capacity 3736K, committed 3840K, reserved 1048576K
GC Heap History (10 events):
Event: 30.400 GC heap before
{Heap before GC invocations=14 (full 2):
 PSYoungGen      total 33280K, used 25600K [0x00000007aab00000, 0x00000007ae180000, 0x00000007c0000000)
  eden space 25600K, 100% used [0x00000007aab00000,0x00000007ac400000,0x00000007ac400000)
  from space 7680K, 0% used [0x00000007ac400000,0x00000007ac400000,0x00000007acb80000)
  to   space 8192K, 0% used [0x00000007ad980000,0x00000007ad980000,0x00000007ae180000)
 ParOldGen       total 57856K, used 32634K [0x0000000780000000, 0x0000000783880000, 0x00000007aab00000)
  object space 57856K, 56% used [0x0000000780000000,0x0000000781fdea08,0x0000000783880000)
 Metaspace       used 29110K, capacity 29549K, committed 29952K, reserved 1075200K
  class space    used 3328K, capacity 3480K, committed 3584K, reserved 1048576K
Event: 30.404 GC heap after
Heap after GC invocations=14 (full 2):
 PSYoungGen      total 47104K, used 5819K [0x00000007aab00000, 0x00000007ae200000, 0x00000007c0000000)
  eden space 38912K, 0% used [0x00000007aab00000,0x00000007aab00000,0x00000007ad100000)
  from space 8192K, 71% used [0x00000007ad980000,0x00000007adf2ed60,0x00000007ae180000)
  to   space 8704K, 0% used [0x00000007ad100000,0x00000007ad100000,0x00000007ad980000)
 ParOldGen       total 57856K, used 38440K [0x0000000780000000, 0x0000000783880000, 0x00000007aab00000)
  object space 57856K, 66% used [0x0000000780000000,0x000000078258a0c8,0x0000000783880000)
 Metaspace       used 29110K, capacity 29549K, committed 29952K, reserved 1075200K
  class space    used 3328K, capacity 3480K, committed 3584K, reserved 1048576K
}
Event: 30.775 GC heap before
{Heap before GC invocations=15 (full 2):
 PSYoungGen      total 47104K, used 44731K [0x00000007aab00000, 0x00000007ae200000, 0x00000007c0000000)
  eden space 38912K, 100% used [0x00000007aab00000,0x00000007ad100000,0x00000007ad100000)
  from space 8192K, 71% used [0x00000007ad980000,0x00000007adf2ed60,0x00000007ae180000)
  to   space 8704K, 0% used [0x00000007ad100000,0x00000007ad100000,0x00000007ad980000)
 ParOldGen       total 57856K, used 38440K [0x0000000780000000, 0x0000000783880000, 0x00000007aab00000)
  object space 57856K, 66% used [0x0000000780000000,0x000000078258a0c8,0x0000000783880000)
 Metaspace       used 29200K, capacity 29673K, committed 29952K, reserved 1075200K
  class space    used 3336K, capacity 3490K, committed 3584K, reserved 1048576K
Event: 30.776 GC heap after
Heap after GC invocations=15 (full 2):
 PSYoungGen      total 47616K, used 352K [0x00000007aab00000, 0x00000007af580000, 0x00000007c0000000)
  eden space 38912K, 0% used [0x00000007aab00000,0x00000007aab00000,0x00000007ad100000)
  from space 8704K, 4% used [0x00000007ad100000,0x00000007ad158000,0x00000007ad980000)
  to   space 8704K, 0% used [0x00000007aed00000,0x00000007aed00000,0x00000007af580000)
 ParOldGen       total 57856K, used 38552K [0x0000000780000000, 0x0000000783880000, 0x00000007aab00000)
  object space 57856K, 66% used [0x0000000780000000,0x00000007825a6148,0x0000000783880000)
 Metaspace       used 29200K, capacity 29673K, committed 29952K, reserved 1075200K
  class space    used 3336K, capacity 3490K, committed 3584K, reserved 1048576K
}
Event: 31.124 GC heap before
{Heap before GC invocations=16 (full 2):
 PSYoungGen      total 47616K, used 36581K [0x00000007aab00000, 0x00000007af580000, 0x00000007c0000000)
  eden space 38912K, 93% used [0x00000007aab00000,0x00000007ace614f0,0x00000007ad100000)
  from space 8704K, 4% used [0x00000007ad100000,0x00000007ad158000,0x00000007ad980000)
  to   space 8704K, 0% used [0x00000007aed00000,0x00000007aed00000,0x00000007af580000)
 ParOldGen       total 57856K, used 38552K [0x0000000780000000, 0x0000000783880000, 0x00000007aab00000)
  object space 57856K, 66% used [0x0000000780000000,0x00000007825a6148,0x0000000783880000)
 Metaspace       used 29408K, capacity 29897K, committed 30208K, reserved 1075200K
  class space    used 3354K, capacity 3522K, committed 3584K, reserved 1048576K
Event: 31.125 GC heap after
Heap after GC invocations=16 (full 2):
 PSYoungGen      total 65536K, used 416K [0x00000007aab00000, 0x00000007af480000, 0x00000007c0000000)
  eden space 57856K, 0% used [0x00000007aab00000,0x00000007aab00000,0x00000007ae380000)
  from space 7680K, 5% used [0x00000007aed00000,0x00000007aed68000,0x00000007af480000)
  to   space 8704K, 0% used [0x00000007ae380000,0x00000007ae380000,0x00000007aec00000)
 ParOldGen       total 57856K, used 38668K [0x0000000780000000, 0x0000000783880000, 0x00000007aab00000)
  object space 57856K, 66% used [0x0000000780000000,0x00000007825c3158,0x0000000783880000)
 Metaspace       used 29408K, capacity 29897K, committed 30208K, reserved 1075200K
  class space    used 3354K, capacity 3522K, committed 3584K, reserved 1048576K
}
Event: 31.585 GC heap before
{Heap before GC invocations=17 (full 2):
 PSYoungGen      total 65536K, used 58272K [0x00000007aab00000, 0x00000007af480000, 0x00000007c0000000)
  eden space 57856K, 100% used [0x00000007aab00000,0x00000007ae380000,0x00000007ae380000)
  from space 7680K, 5% used [0x00000007aed00000,0x00000007aed68000,0x00000007af480000)
  to   space 8704K, 0% used [0x00000007ae380000,0x00000007ae380000,0x00000007aec00000)
 ParOldGen       total 57856K, used 38668K [0x0000000780000000, 0x0000000783880000, 0x00000007aab00000)
  object space 57856K, 66% used [0x0000000780000000,0x00000007825c3158,0x0000000783880000)
 Metaspace       used 29561K, capacity 30049K, committed 30208K, reserved 1075200K
  class space    used 3357K, capacity 3526K, committed 3584K, reserved 1048576K
Event: 31.587 GC heap after
Heap after GC invocations=17 (full 2):
 PSYoungGen      total 66560K, used 820K [0x00000007aab00000, 0x00000007b0e80000, 0x00000007c0000000)
  eden space 57856K, 0% used [0x00000007aab00000,0x00000007aab00000,0x00000007ae380000)
  from space 8704K, 9% used [0x00000007ae380000,0x00000007ae44d050,0x00000007aec00000)
  to   space 8192K, 0% used [0x00000007b0680000,0x00000007b0680000,0x00000007b0e80000)
 ParOldGen       total 57856K, used 38884K [0x0000000780000000, 0x0000000783880000, 0x00000007aab00000)
  object space 57856K, 67% used [0x0000000780000000,0x00000007825f9158,0x0000000783880000)
 Metaspace       used 29561K, capacity 30049K, committed 30208K, reserved 1075200K
  class space    used 3357K, capacity 3526K, committed 3584K, reserved 1048576K
}
Event: 31.897 GC heap before
{Heap before GC invocations=18 (full 2):
 PSYoungGen      total 66560K, used 58676K [0x00000007aab00000, 0x00000007b0e80000, 0x00000007c0000000)
  eden space 57856K, 100% used [0x00000007aab00000,0x00000007ae380000,0x00000007ae380000)
  from space 8704K, 9% used [0x00000007ae380000,0x00000007ae44d050,0x00000007aec00000)
  to   space 8192K, 0% used [0x00000007b0680000,0x00000007b0680000,0x00000007b0e80000)
 ParOldGen       total 57856K, used 38884K [0x0000000780000000, 0x0000000783880000, 0x00000007aab00000)
  object space 57856K, 67% used [0x0000000780000000,0x00000007825f9158,0x0000000783880000)
 Metaspace       used 30979K, capacity 31475K, committed 31616K, reserved 1077248K
  class space    used 3513K, capacity 3657K, committed 3712K, reserved 1048576K
Event: 31.901 GC heap after
Heap after GC invocations=18 (full 2):
 PSYoungGen      total 92672K, used 2094K [0x00000007aab00000, 0x00000007b0d80000, 0x00000007c0000000)
  eden space 85504K, 0% used [0x00000007aab00000,0x00000007aab00000,0x00000007afe80000)
  from space 7168K, 29% used [0x00000007b0680000,0x00000007b088b930,0x00000007b0d80000)
  to   space 7680K, 0% used [0x00000007afe80000,0x00000007afe80000,0x00000007b0600000)
 ParOldGen       total 57856K, used 39276K [0x0000000780000000, 0x0000000783880000, 0x00000007aab00000)
  object space 57856K, 67% used [0x0000000780000000,0x000000078265b158,0x0000000783880000)
 Metaspace       used 30979K, capacity 31475K, committed 31616K, reserved 1077248K
  class space    used 3513K, capacity 3657K, committed 3712K, reserved 1048576K
}

