# JRE version: Java(TM) SE Runtime Environment (8.0_65-b17) (build 1.8.0_65-b17)
# Java VM: Java HotSpot(TM) 64-Bit Server VM (25.65-b01 mixed mode bsd-amd64 compressed oops)
Heap:
 PSYoungGen      total 336896K, used 78392K [0x00000007aab00000, 0x00000007bfe80000, 0x00000007c0000000)
  eden space 328192K, 23% used [0x00000007aab00000,0x00000007af4d0370,0x00000007beb80000)
  from space 8704K, 32% used [0x00000007bf600000,0x00000007bf8be078,0x00000007bfe80000)
  to   space 9728K, 0% used [0x00000007beb80000,0x00000007beb80000,0x00000007bf500000)
 ParOldGen       total 82432K, used 34627K [0x0000000780000000, 0x0000000785080000, 0x00000007aab00000)
  object space 82432K, 42% used [0x0000000780000000,0x00000007821d0d18,0x0000000785080000)
 Metaspace       used 33504K, capacity 34079K, committed 34432K, reserved 1079296K
  class space    used 3685K, capacity 3841K, committed 3968K, reserved 1048576K
GC Heap History (10 events):
Event: 20.122 GC heap before
{Heap before GC invocations=21 (full 3):
 PSYoungGen      total 305664K, used 128K [0x00000007aab00000, 0x00000007be200000, 0x00000007c0000000)
  eden space 294912K, 0% used [0x00000007aab00000,0x00000007aab00000,0x00000007bcb00000)
  from space 10752K, 1% used [0x00000007bd780000,0x00000007bd7a0000,0x00000007be200000)
  to   space 11776K, 0% used [0x00000007bcb00000,0x00000007bcb00000,0x00000007bd680000)
 ParOldGen       total 72192K, used 57943K [0x0000000780000000, 0x0000000784680000, 0x00000007aab00000)
  object space 72192K, 80% used [0x0000000780000000,0x0000000783895d28,0x0000000784680000)
 Metaspace       used 31047K, capacity 31517K, committed 31872K, reserved 1077248K
  class space    used 3508K, capacity 3662K, committed 3712K, reserved 1048576K
Event: 20.222 GC heap after
Heap after GC invocations=21 (full 3):
 PSYoungGen      total 305664K, used 0K [0x00000007aab00000, 0x00000007be200000, 0x00000007c0000000)
  eden space 294912K, 0% used [0x00000007aab00000,0x00000007aab00000,0x00000007bcb00000)
  from space 10752K, 0% used [0x00000007bd780000,0x00000007bd780000,0x00000007be200000)
  to   space 11776K, 0% used [0x00000007bcb00000,0x00000007bcb00000,0x00000007bd680000)
 ParOldGen       total 82432K, used 34595K [0x0000000780000000, 0x0000000785080000, 0x00000007aab00000)
  object space 82432K, 41% used [0x0000000780000000,0x00000007821c8d18,0x0000000785080000)
 Metaspace       used 31047K, capacity 31517K, committed 31872K, reserved 1077248K
  class space    used 3508K, capacity 3662K, committed 3712K, reserved 1048576K
}
Event: 25.258 GC heap before
{Heap before GC invocations=22 (full 3):
 PSYoungGen      total 305664K, used 294912K [0x00000007aab00000, 0x00000007be200000, 0x00000007c0000000)
  eden space 294912K, 100% used [0x00000007aab00000,0x00000007bcb00000,0x00000007bcb00000)
  from space 10752K, 0% used [0x00000007bd780000,0x00000007bd780000,0x00000007be200000)
  to   space 11776K, 0% used [0x00000007bcb00000,0x00000007bcb00000,0x00000007bd680000)
 ParOldGen       total 82432K, used 34595K [0x0000000780000000, 0x0000000785080000, 0x00000007aab00000)
  object space 82432K, 41% used [0x0000000780000000,0x00000007821c8d18,0x0000000785080000)
 Metaspace       used 32738K, capacity 33273K, committed 33536K, reserved 1079296K
  class space    used 3616K, capacity 3768K, committed 3840K, reserved 1048576K
Event: 25.265 GC heap after
Heap after GC invocations=22 (full 3):
 PSYoungGen      total 306688K, used 2897K [0x00000007aab00000, 0x00000007c0000000, 0x00000007c0000000)
  eden space 294912K, 0% used [0x00000007aab00000,0x00000007aab00000,0x00000007bcb00000)
  from space 11776K, 24% used [0x00000007bcb00000,0x00000007bcdd4518,0x00000007bd680000)
  to   space 11264K, 0% used [0x00000007bf500000,0x00000007bf500000,0x00000007c0000000)
 ParOldGen       total 82432K, used 34603K [0x0000000780000000, 0x0000000785080000, 0x00000007aab00000)
  object space 82432K, 41% used [0x0000000780000000,0x00000007821cad18,0x0000000785080000)
 Metaspace       used 32738K, capacity 33273K, committed 33536K, reserved 1079296K
  class space    used 3616K, capacity 3768K, committed 3840K, reserved 1048576K
}
Event: 33.025 GC heap before
{Heap before GC invocations=23 (full 3):
 PSYoungGen      total 306688K, used 297809K [0x00000007aab00000, 0x00000007c0000000, 0x00000007c0000000)
  eden space 294912K, 100% used [0x00000007aab00000,0x00000007bcb00000,0x00000007bcb00000)
  from space 11776K, 24% used [0x00000007bcb00000,0x00000007bcdd4518,0x00000007bd680000)
  to   space 11264K, 0% used [0x00000007bf500000,0x00000007bf500000,0x00000007c0000000)
 ParOldGen       total 82432K, used 34603K [0x0000000780000000, 0x0000000785080000, 0x00000007aab00000)
  object space 82432K, 41% used [0x0000000780000000,0x00000007821cad18,0x0000000785080000)
 Metaspace       used 33089K, capacity 33593K, committed 33792K, reserved 1079296K
  class space    used 3617K, capacity 3768K, committed 3840K, reserved 1048576K
Event: 33.030 GC heap after
Heap after GC invocations=23 (full 3):
 PSYoungGen      total 335872K, used 2664K [0x00000007aab00000, 0x00000007bfe80000, 0x00000007c0000000)
  eden space 326144K, 0% used [0x00000007aab00000,0x00000007aab00000,0x00000007be980000)
  from space 9728K, 27% used [0x00000007bf500000,0x00000007bf79a048,0x00000007bfe80000)
  to   space 10752K, 0% used [0x00000007be980000,0x00000007be980000,0x00000007bf400000)
 ParOldGen       total 82432K, used 34611K [0x0000000780000000, 0x0000000785080000, 0x00000007aab00000)
  object space 82432K, 41% used [0x0000000780000000,0x00000007821ccd18,0x0000000785080000)
 Metaspace       used 33089K, capacity 33593K, committed 33792K, reserved 1079296K
  class space    used 3617K, capacity 3768K, committed 3840K, reserved 1048576K
}
Event: 41.705 GC heap before
{Heap before GC invocations=24 (full 3):
 PSYoungGen      total 335872K, used 328808K [0x00000007aab00000, 0x00000007bfe80000, 0x00000007c0000000)
  eden space 326144K, 100% used [0x00000007aab00000,0x00000007be980000,0x00000007be980000)
  from space 9728K, 27% used [0x00000007bf500000,0x00000007bf79a048,0x00000007bfe80000)
  to   space 10752K, 0% used [0x00000007be980000,0x00000007be980000,0x00000007bf400000)
 ParOldGen       total 82432K, used 34611K [0x0000000780000000, 0x0000000785080000, 0x00000007aab00000)
  object space 82432K, 41% used [0x0000000780000000,0x00000007821ccd18,0x0000000785080000)
 Metaspace       used 33113K, capacity 33657K, committed 34048K, reserved 1079296K
  class space    used 3618K, capacity 3768K, committed 3840K, reserved 1048576K
Event: 41.713 GC heap after
Heap after GC invocations=24 (full 3):
 PSYoungGen      total 336896K, used 2744K [0x00000007aab00000, 0x00000007c0000000, 0x00000007c0000000)
  eden space 326144K, 0% used [0x00000007aab00000,0x00000007aab00000,0x00000007be980000)
  from space 10752K, 25% used [0x00000007be980000,0x00000007bec2e038,0x00000007bf400000)
  to   space 10240K, 0% used [0x00000007bf600000,0x00000007bf600000,0x00000007c0000000)
 ParOldGen       total 82432K, used 34619K [0x0000000780000000, 0x0000000785080000, 0x00000007aab00000)
  object space 82432K, 41% used [0x0000000780000000,0x00000007821ced18,0x0000000785080000)
 Metaspace       used 33113K, capacity 33657K, committed 34048K, reserved 1079296K
  class space    used 3618K, capacity 3768K, committed 3840K, reserved 1048576K
}
Event: 50.155 GC heap before
{Heap before GC invocations=25 (full 3):
 PSYoungGen      total 336896K, used 328888K [0x00000007aab00000, 0x00000007c0000000, 0x00000007c0000000)
  eden space 326144K, 100% used [0x00000007aab00000,0x00000007be980000,0x00000007be980000)
  from space 10752K, 25% used [0x00000007be980000,0x00000007bec2e038,0x00000007bf400000)
  to   space 10240K, 0% used [0x00000007bf600000,0x00000007bf600000,0x00000007c0000000)
 ParOldGen       total 82432K, used 34619K [0x0000000780000000, 0x0000000785080000, 0x00000007aab00000)
  object space 82432K, 41% used [0x0000000780000000,0x00000007821ced18,0x0000000785080000)
 Metaspace       used 33113K, capacity 33657K, committed 34048K, reserved 1079296K
  class space    used 3618K, capacity 3768K, committed 3840K, reserved 1048576K
Event: 50.161 GC heap after
Heap after GC invocations=25 (full 3):
 PSYoungGen      total 336896K, used 2808K [0x00000007aab00000, 0x00000007bfe80000, 0x00000007c0000000)
  eden space 328192K, 0% used [0x00000007aab00000,0x00000007aab00000,0x00000007beb80000)
  from space 8704K, 32% used [0x00000007bf600000,0x00000007bf8be078,0x00000007bfe80000)
  to   space 9728K, 0% used [0x00000007beb80000,0x00000007beb80000,0x00000007bf500000)
 ParOldGen       total 82432K, used 34627K [0x0000000780000000, 0x0000000785080000, 0x00000007aab00000)
  object space 82432K, 42% used [0x0000000780000000,0x00000007821d0d18,0x0000000785080000)
 Metaspace       used 33113K, capacity 33657K, committed 34048K, reserved 1079296K
  class space    used 3618K, capacity 3768K, committed 3840K, reserved 1048576K
}

